---------------------------------------------------------------
[ 2017-10-02T12:49:36+08:00 ] 127.0.0.1 127.0.0.1 GET /index/login/login.html
[ info ] www.lll.com/index/login/login.html [运行时间：1.019515s][吞吐率：0.98req/s] [内存消耗：2,093.24kb] [文件加载：48]
[ info ] [ LANG ] E:\php\Apache24\htdocs\lll\thinkphp\lang\zh-cn.php
[ info ] [ ROUTE ] array (
  'type' => 'module',
  'module' => 
  array (
    0 => 'index',
    1 => 'login',
    2 => 'login',
  ),
)
[ info ] [ HEADER ] array (
  'host' => 'www.lll.com',
  'user-agent' => 'Mozilla/5.0 (Windows NT 10.0; Win64; x64; rv:56.0) Gecko/20100101 Firefox/56.0',
  'accept' => 'text/html,application/xhtml+xml,application/xml;q=0.9,*/*;q=0.8',
  'accept-language' => 'zh-CN,zh;q=0.8,en-US;q=0.5,en;q=0.3',
  'accept-encoding' => 'gzip, deflate',
  'cookie' => 'UM_distinctid=15ea483ebac9b-042d1bc016a3f58-4c322c7f-144000-15ea483ebad2df; CNZZDATA155540=cnzz_eid%3D1656441302-1505998628-%26ntime%3D1506845295; Hm_lvt_080836300300be57b7f34f4b3e97d911=1506840753; Hm_lpvt_080836300300be57b7f34f4b3e97d911=1506842542; PHPSESSID=nfjbrj4rupufidm1pq23ogi02u',
  'connection' => 'keep-alive',
  'upgrade-insecure-requests' => '1',
  'cache-control' => 'max-age=0',
)
[ info ] [ PARAM ] array (
)
[ info ] [ RUN ] app\index\controller\Login->login[ E:\php\Apache24\htdocs\lll\application\index\controller\Login.php ]
[ info ] [ VIEW ] E:\php\Apache24\htdocs\lll\public/../application/index\view\login\login.html [ array (
) ]
[ info ] [ LOG ] INIT File
---------------------------------------------------------------
[ 2017-10-02T12:49:36+08:00 ] 127.0.0.1 127.0.0.1 GET /captcha.html
[ info ] www.lll.com/captcha.html [运行时间：0.479913s][吞吐率：2.08req/s] [内存消耗：1,567.25kb] [文件加载：38]
[ info ] [ LANG ] E:\php\Apache24\htdocs\lll\thinkphp\lang\zh-cn.php
[ info ] [ ROUTE ] array (
  'type' => 'method',
  'method' => 
  array (
    0 => '\\think\\captcha\\CaptchaController',
    1 => 'index',
  ),
  'var' => 
  array (
  ),
)
[ info ] [ HEADER ] array (
  'host' => 'www.lll.com',
  'user-agent' => 'Mozilla/5.0 (Windows NT 10.0; Win64; x64; rv:56.0) Gecko/20100101 Firefox/56.0',
  'accept' => '*/*',
  'accept-language' => 'zh-CN,zh;q=0.8,en-US;q=0.5,en;q=0.3',
  'accept-encoding' => 'gzip, deflate',
  'referer' => 'http://www.lll.com/index/login/login.html',
  'cookie' => 'UM_distinctid=15ea483ebac9b-042d1bc016a3f58-4c322c7f-144000-15ea483ebad2df; CNZZDATA155540=cnzz_eid%3D1656441302-1505998628-%26ntime%3D1506845295; Hm_lvt_080836300300be57b7f34f4b3e97d911=1506840753; Hm_lpvt_080836300300be57b7f34f4b3e97d911=1506842542; PHPSESSID=nfjbrj4rupufidm1pq23ogi02u',
  'connection' => 'keep-alive',
  'cache-control' => 'max-age=0',
)
[ info ] [ PARAM ] array (
  'id' => NULL,
)
[ info ] [ RUN ] think\captcha\CaptchaController->index[ E:\php\Apache24\htdocs\lll\vendor\topthink\think-captcha\src\CaptchaController.php ]
[ info ] [ SESSION ] INIT array (
  'id' => '',
  'var_session_id' => '',
  'prefix' => 'think',
  'type' => '',
  'auto_start' => true,
)
[ info ] [ LOG ] INIT File
---------------------------------------------------------------
[ 2017-10-02T13:46:24+08:00 ] 127.0.0.1 127.0.0.1 POST /index/login/check.html
[ info ] www.lll.com/index/login/check.html [运行时间：0.808833s][吞吐率：1.24req/s] [内存消耗：1,926.85kb] [文件加载：47]
[ info ] [ LANG ] E:\php\Apache24\htdocs\lll\thinkphp\lang\zh-cn.php
[ info ] [ ROUTE ] array (
  'type' => 'module',
  'module' => 
  array (
    0 => 'index',
    1 => 'login',
    2 => 'check',
  ),
)
[ info ] [ HEADER ] array (
  'host' => 'www.lll.com',
  'user-agent' => 'Mozilla/5.0 (Windows NT 10.0; Win64; x64; rv:56.0) Gecko/20100101 Firefox/56.0',
  'accept' => 'text/html,application/xhtml+xml,application/xml;q=0.9,*/*;q=0.8',
  'accept-language' => 'zh-CN,zh;q=0.8,en-US;q=0.5,en;q=0.3',
  'accept-encoding' => 'gzip, deflate',
  'referer' => 'http://www.lll.com/index/login/login.html',
  'content-type' => 'application/x-www-form-urlencoded',
  'content-length' => '55',
  'cookie' => 'UM_distinctid=15ea483ebac9b-042d1bc016a3f58-4c322c7f-144000-15ea483ebad2df; CNZZDATA155540=cnzz_eid%3D1656441302-1505998628-%26ntime%3D1506915512; Hm_lvt_080836300300be57b7f34f4b3e97d911=1506840753; Hm_lpvt_080836300300be57b7f34f4b3e97d911=1506842542; PHPSESSID=nfjbrj4rupufidm1pq23ogi02u',
  'connection' => 'keep-alive',
  'upgrade-insecure-requests' => '1',
)
[ info ] [ PARAM ] array (
  'username' => '学生',
  'password' => '111111',
  'verifycode' => '',
)
[ info ] [ RUN ] app\index\controller\Login->check[ E:\php\Apache24\htdocs\lll\application\index\controller\Login.php ]
[ info ] [ SESSION ] INIT array (
  'id' => '',
  'var_session_id' => '',
  'prefix' => 'think',
  'type' => '',
  'auto_start' => true,
)
[ info ] [ VIEW ] E:\php\Apache24\htdocs\lll\thinkphp\tpl\dispatch_jump.tpl [ array (
  0 => 'code',
  1 => 'msg',
  2 => 'data',
  3 => 'url',
  4 => 'wait',
) ]
[ info ] [ LOG ] INIT File
---------------------------------------------------------------
[ 2017-10-02T13:46:28+08:00 ] 127.0.0.1 127.0.0.1 GET /captcha.html
[ info ] www.lll.com/captcha.html [运行时间：0.193737s][吞吐率：5.16req/s] [内存消耗：1,566.69kb] [文件加载：38]
[ info ] [ LANG ] E:\php\Apache24\htdocs\lll\thinkphp\lang\zh-cn.php
[ info ] [ ROUTE ] array (
  'type' => 'method',
  'method' => 
  array (
    0 => '\\think\\captcha\\CaptchaController',
    1 => 'index',
  ),
  'var' => 
  array (
  ),
)
[ info ] [ HEADER ] array (
  'host' => 'www.lll.com',
  'user-agent' => 'Mozilla/5.0 (Windows NT 10.0; Win64; x64; rv:56.0) Gecko/20100101 Firefox/56.0',
  'accept' => '*/*',
  'accept-language' => 'zh-CN,zh;q=0.8,en-US;q=0.5,en;q=0.3',
  'accept-encoding' => 'gzip, deflate',
  'referer' => 'http://www.lll.com/index/login/login.html',
  'cookie' => 'UM_distinctid=15ea483ebac9b-042d1bc016a3f58-4c322c7f-144000-15ea483ebad2df; CNZZDATA155540=cnzz_eid%3D1656441302-1505998628-%26ntime%3D1506915512; Hm_lvt_080836300300be57b7f34f4b3e97d911=1506840753; Hm_lpvt_080836300300be57b7f34f4b3e97d911=1506842542; PHPSESSID=nfjbrj4rupufidm1pq23ogi02u',
  'connection' => 'keep-alive',
)
[ info ] [ PARAM ] array (
  'id' => NULL,
)
[ info ] [ RUN ] think\captcha\CaptchaController->index[ E:\php\Apache24\htdocs\lll\vendor\topthink\think-captcha\src\CaptchaController.php ]
[ info ] [ SESSION ] INIT array (
  'id' => '',
  'var_session_id' => '',
  'prefix' => 'think',
  'type' => '',
  'auto_start' => true,
)
[ info ] [ LOG ] INIT File
---------------------------------------------------------------
[ 2017-10-02T13:46:36+08:00 ] 127.0.0.1 127.0.0.1 POST /index/login/check.html
[ info ] www.lll.com/index/login/check.html [运行时间：0.030713s][吞吐率：32.56req/s] [内存消耗：1,922.77kb] [文件加载：45]
[ info ] [ LANG ] E:\php\Apache24\htdocs\lll\thinkphp\lang\zh-cn.php
[ info ] [ ROUTE ] array (
  'type' => 'module',
  'module' => 
  array (
    0 => 'index',
    1 => 'login',
    2 => 'check',
  ),
)
[ info ] [ HEADER ] array (
  'host' => 'www.lll.com',
  'user-agent' => 'Mozilla/5.0 (Windows NT 10.0; Win64; x64; rv:56.0) Gecko/20100101 Firefox/56.0',
  'accept' => 'text/html,application/xhtml+xml,application/xml;q=0.9,*/*;q=0.8',
  'accept-language' => 'zh-CN,zh;q=0.8,en-US;q=0.5,en;q=0.3',
  'accept-encoding' => 'gzip, deflate',
  'referer' => 'http://www.lll.com/index/login/login.html',
  'content-type' => 'application/x-www-form-urlencoded',
  'content-length' => '59',
  'cookie' => 'UM_distinctid=15ea483ebac9b-042d1bc016a3f58-4c322c7f-144000-15ea483ebad2df; CNZZDATA155540=cnzz_eid%3D1656441302-1505998628-%26ntime%3D1506915512; Hm_lvt_080836300300be57b7f34f4b3e97d911=1506840753; Hm_lpvt_080836300300be57b7f34f4b3e97d911=1506842542; PHPSESSID=nfjbrj4rupufidm1pq23ogi02u',
  'connection' => 'keep-alive',
  'upgrade-insecure-requests' => '1',
)
[ info ] [ PARAM ] array (
  'username' => '学生',
  'password' => '111111',
  'verifycode' => 'f5up',
)
[ info ] [ RUN ] app\index\controller\Login->check[ E:\php\Apache24\htdocs\lll\application\index\controller\Login.php ]
[ info ] [ SESSION ] INIT array (
  'id' => '',
  'var_session_id' => '',
  'prefix' => 'think',
  'type' => '',
  'auto_start' => true,
)
[ info ] [ LOG ] INIT File
---------------------------------------------------------------
[ 2017-10-02T13:46:53+08:00 ] 127.0.0.1 127.0.0.1 GET /captcha.html
[ info ] www.lll.com/captcha.html [运行时间：0.056444s][吞吐率：17.72req/s] [内存消耗：1,566.53kb] [文件加载：38]
[ info ] [ LANG ] E:\php\Apache24\htdocs\lll\thinkphp\lang\zh-cn.php
[ info ] [ ROUTE ] array (
  'type' => 'method',
  'method' => 
  array (
    0 => '\\think\\captcha\\CaptchaController',
    1 => 'index',
  ),
  'var' => 
  array (
  ),
)
[ info ] [ HEADER ] array (
  'host' => 'www.lll.com',
  'user-agent' => 'Mozilla/5.0 (Windows NT 10.0; Win64; x64; rv:56.0) Gecko/20100101 Firefox/56.0',
  'accept' => '*/*',
  'accept-language' => 'zh-CN,zh;q=0.8,en-US;q=0.5,en;q=0.3',
  'accept-encoding' => 'gzip, deflate',
  'referer' => 'http://www.lll.com/index/login/login.html',
  'cookie' => 'UM_distinctid=15ea483ebac9b-042d1bc016a3f58-4c322c7f-144000-15ea483ebad2df; CNZZDATA155540=cnzz_eid%3D1656441302-1505998628-%26ntime%3D1506915512; Hm_lvt_080836300300be57b7f34f4b3e97d911=1506840753; Hm_lpvt_080836300300be57b7f34f4b3e97d911=1506842542; PHPSESSID=nfjbrj4rupufidm1pq23ogi02u',
  'connection' => 'keep-alive',
)
[ info ] [ PARAM ] array (
  'id' => NULL,
)
[ info ] [ RUN ] think\captcha\CaptchaController->index[ E:\php\Apache24\htdocs\lll\vendor\topthink\think-captcha\src\CaptchaController.php ]
[ info ] [ SESSION ] INIT array (
  'id' => '',
  'var_session_id' => '',
  'prefix' => 'think',
  'type' => '',
  'auto_start' => true,
)
[ info ] [ LOG ] INIT File
